<?xml version="1.0" encoding="UTF-8"?>
<!-- Generated by org.testng.reporters.JUnitXMLReporter -->
<testsuite hostname="nyu-PC" name="Default test" tests="3" failures="0" timestamp="8 Dec 2014 05:05:41 GMT" time="10.194" errors="0">
  <testcase name="testNonEmptyContactCreation" time="2.869" classname="com.example.tests.ContactCreationTests"/>
  <testcase name="testEmptyGroupCreation" time="0.974" classname="com.example.tests.GroupCreationTests"/>
  <testcase name="testNonEmptyGroupCreation" time="1.329" classname="com.example.tests.GroupCreationTests"/>
</testsuite> <!-- Default test -->
